<?xml version="1.0" encoding="UTF-8"?>
<!-- Generated by org.testng.reporters.JUnitReportReporter -->
<testsuite hostname="DESKTOP-SCH351S" failures="0" tests="1" name="TestExecution.login_swaglab" time="31.157" errors="0" timestamp="2025-03-21T13:42:59 IST" skipped="0">
  <testcase classname="TestExecution.login_swaglab" name="login" time="31.157"/>
  <system-out/>
</testsuite> <!-- TestExecution.login_swaglab -->
