<?xml version="1.0" encoding="UTF-8"?>
<!-- Generated by org.testng.reporters.JUnitReportReporter -->
<testsuite hostname="DESKTOP-SCH351S" failures="0" tests="1" name="com.mypractise.Addtocart" time="7.046" errors="0" timestamp="2025-03-18T13:27:05 IST" skipped="0">
  <testcase classname="com.mypractise.Addtocart" name="proceedtocart" time="7.046"/>
  <system-out/>
</testsuite> <!-- com.mypractise.Addtocart -->
