<?xml version="1.0" encoding="UTF-8"?>
<!-- Generated by org.testng.reporters.JUnitReportReporter -->
<testsuite hostname="DESKTOP-SCH351S" failures="0" tests="2" name="TestExecution.CreatePostRequest" time="7.610" errors="0" timestamp="2025-03-27T14:05:25 IST" skipped="0">
  <testcase classname="TestExecution.CreatePostRequest" name="createPostRequest" time="7.168"/>
  <system-out/>
  <testcase classname="TestExecution.CreatePostRequest" name="deleteRequest" time="0.442"/>
  <system-out/>
</testsuite> <!-- TestExecution.CreatePostRequest -->
