<?xml version="1.0" encoding="UTF-8"?>
<!-- Generated by org.testng.reporters.JUnitReportReporter -->
<testsuite hostname="DESKTOP-SCH351S" failures="0" tests="1" name="Utility.Login_SauceDemo" time="12.476" errors="0" timestamp="2025-03-13T16:32:21 IST" skipped="0">
  <testcase classname="Utility.Login_SauceDemo" name="login" time="12.476"/>
  <system-out/>
</testsuite> <!-- Utility.Login_SauceDemo -->
