<?xml version="1.0" encoding="UTF-8"?>
<!-- Generated by org.testng.reporters.JUnitReportReporter -->
<testsuite hostname="DESKTOP-SCH351S" failures="0" tests="3" name="com.mypractise.Addtocart2" time="62.904" errors="0" timestamp="2025-03-20T14:14:56 IST" skipped="0">
  <testcase classname="com.mypractise.Addtocart2" name="proceedtocart" time="22.612"/>
  <system-out/>
  <testcase classname="com.mypractise.Addtocart2" name="proceedtocart" time="17.823"/>
  <system-out/>
  <testcase classname="com.mypractise.Addtocart2" name="proceedtocart" time="22.469"/>
  <system-out/>
</testsuite> <!-- com.mypractise.Addtocart2 -->
