<?xml version="1.0" encoding="UTF-8"?>
<!-- Generated by org.testng.reporters.JUnitReportReporter -->
<testsuite hostname="DESKTOP-SCH351S" failures="0" tests="2" name="TestExecution.RSA_Test" time="27.866" errors="0" timestamp="2025-04-22T16:58:33 IST" skipped="0">
  <testcase classname="TestExecution.RSA_Test" name="Login_Test" time="21.053"/>
  <system-out/>
  <testcase classname="TestExecution.RSA_Test" name="mouseOver" time="6.813"/>
  <system-out/>
</testsuite> <!-- TestExecution.RSA_Test -->
