<?xml version="1.0" encoding="UTF-8"?>
<!-- Generated by org.testng.reporters.JUnitReportReporter -->
<testsuite hostname="DESKTOP-SCH351S" failures="0" tests="3" name="com.mypractise.Addtocart" time="93.423" errors="0" timestamp="2025-03-20T14:14:56 IST" skipped="0">
  <testcase classname="com.mypractise.Addtocart" name="proceedtocart" time="33.276"/>
  <system-out/>
  <testcase classname="com.mypractise.Addtocart" name="proceedtocart" time="30.300"/>
  <system-out/>
  <testcase classname="com.mypractise.Addtocart" name="proceedtocart" time="29.847"/>
  <system-out/>
</testsuite> <!-- com.mypractise.Addtocart -->
